# JRE version: OpenJDK Runtime Environment (8.0_181-b13) (build 1.8.0_181-8u181-b13-2~deb9u1-b13)
# Java VM: OpenJDK 64-Bit Server VM (25.181-b13 mixed mode linux-amd64 compressed oops)
Heap:
 def new generation   total 260352K, used 0K [0x0000000080000000, 0x0000000091a70000, 0x00000000aaaa0000)
  eden space 231488K,   0% used [0x0000000080000000, 0x0000000080000000, 0x000000008e210000)
  from space 28864K,   0% used [0x000000008fe40000, 0x000000008fe40000, 0x0000000091a70000)
  to   space 28864K,   0% used [0x000000008e210000, 0x000000008e210000, 0x000000008fe40000)
 tenured generation   total 627444K, used 506017K [0x00000000aaaa0000, 0x00000000d0f5d000, 0x0000000100000000)
   the space 627444K,  80% used [0x00000000aaaa0000, 0x00000000c98c85d0, 0x00000000c98c8600, 0x00000000d0f5d000)
 Metaspace       used 79895K, capacity 81512K, committed 81624K, reserved 1118208K
  class space    used 11621K, capacity 11986K, committed 12032K, reserved 1048576K
GC Heap History (10 events):
Event: 77.033 GC heap after
Heap after GC invocations=202 (full 11):
 def new generation   total 260352K, used 4152K [0x0000000080000000, 0x0000000091a70000, 0x00000000aaaa0000)
  eden space 231488K,   0% used [0x0000000080000000, 0x0000000080000000, 0x000000008e210000)
  from space 28864K,  14% used [0x000000008e210000, 0x000000008e61e010, 0x000000008fe40000)
  to   space 28864K,   0% used [0x000000008fe40000, 0x000000008fe40000, 0x0000000091a70000)
 tenured generation   total 578292K, used 379742K [0x00000000aaaa0000, 0x00000000cdf5d000, 0x0000000100000000)
   the space 578292K,  65% used [0x00000000aaaa0000, 0x00000000c1d77938, 0x00000000c1d77a00, 0x00000000cdf5d000)
 Metaspace       used 79796K, capacity 81294K, committed 81368K, reserved 1118208K
  class space    used 11618K, capacity 11985K, committed 12032K, reserved 1048576K
}
Event: 77.794 GC heap before
{Heap before GC invocations=202 (full 11):
 def new generation   total 260352K, used 235640K [0x0000000080000000, 0x0000000091a70000, 0x00000000aaaa0000)
  eden space 231488K, 100% used [0x0000000080000000, 0x000000008e210000, 0x000000008e210000)
  from space 28864K,  14% used [0x000000008e210000, 0x000000008e61e010, 0x000000008fe40000)
  to   space 28864K,   0% used [0x000000008fe40000, 0x000000008fe40000, 0x0000000091a70000)
 tenured generation   total 578292K, used 379742K [0x00000000aaaa0000, 0x00000000cdf5d000, 0x0000000100000000)
   the space 578292K,  65% used [0x00000000aaaa0000, 0x00000000c1d77938, 0x00000000c1d77a00, 0x00000000cdf5d000)
 Metaspace       used 79797K, capacity 81294K, committed 81368K, reserved 1118208K
  class space    used 11618K, capacity 11985K, committed 12032K, reserved 1048576K
Event: 77.817 GC heap after
Heap after GC invocations=203 (full 11):
 def new generation   total 260352K, used 4151K [0x0000000080000000, 0x0000000091a70000, 0x00000000aaaa0000)
  eden space 231488K,   0% used [0x0000000080000000, 0x0000000080000000, 0x000000008e210000)
  from space 28864K,  14% used [0x000000008fe40000, 0x000000009024def8, 0x0000000091a70000)
  to   space 28864K,   0% used [0x000000008e210000, 0x000000008e210000, 0x000000008fe40000)
 tenured generation   total 578292K, used 412510K [0x00000000aaaa0000, 0x00000000cdf5d000, 0x0000000100000000)
   the space 578292K,  71% used [0x00000000aaaa0000, 0x00000000c3d77948, 0x00000000c3d77a00, 0x00000000cdf5d000)
 Metaspace       used 79797K, capacity 81294K, committed 81368K, reserved 1118208K
  class space    used 11618K, capacity 11985K, committed 12032K, reserved 1048576K
}
Event: 78.361 GC heap before
{Heap before GC invocations=203 (full 11):
 def new generation   total 260352K, used 235639K [0x0000000080000000, 0x0000000091a70000, 0x00000000aaaa0000)
  eden space 231488K, 100% used [0x0000000080000000, 0x000000008e210000, 0x000000008e210000)
  from space 28864K,  14% used [0x000000008fe40000, 0x000000009024def8, 0x0000000091a70000)
  to   space 28864K,   0% used [0x000000008e210000, 0x000000008e210000, 0x000000008fe40000)
 tenured generation   total 578292K, used 412510K [0x00000000aaaa0000, 0x00000000cdf5d000, 0x0000000100000000)
   the space 578292K,  71% used [0x00000000aaaa0000, 0x00000000c3d77948, 0x00000000c3d77a00, 0x00000000cdf5d000)
 Metaspace       used 79797K, capacity 81294K, committed 81368K, reserved 1118208K
  class space    used 11618K, capacity 11985K, committed 12032K, reserved 1048576K
Event: 78.412 GC heap after
Heap after GC invocations=204 (full 11):
 def new generation   total 260352K, used 4153K [0x0000000080000000, 0x0000000091a70000, 0x00000000aaaa0000)
  eden space 231488K,   0% used [0x0000000080000000, 0x0000000080000000, 0x000000008e210000)
  from space 28864K,  14% used [0x000000008e210000, 0x000000008e61e5b0, 0x000000008fe40000)
  to   space 28864K,   0% used [0x000000008fe40000, 0x000000008fe40000, 0x0000000091a70000)
 tenured generation   total 578292K, used 445278K [0x00000000aaaa0000, 0x00000000cdf5d000, 0x0000000100000000)
   the space 578292K,  76% used [0x00000000aaaa0000, 0x00000000c5d77958, 0x00000000c5d77a00, 0x00000000cdf5d000)
 Metaspace       used 79797K, capacity 81294K, committed 81368K, reserved 1118208K
  class space    used 11618K, capacity 11985K, committed 12032K, reserved 1048576K
}
Event: 79.065 GC heap before
{Heap before GC invocations=204 (full 11):
 def new generation   total 260352K, used 225014K [0x0000000080000000, 0x0000000091a70000, 0x00000000aaaa0000)
  eden space 231488K,  95% used [0x0000000080000000, 0x000000008d7af2a0, 0x000000008e210000)
  from space 28864K,  14% used [0x000000008e210000, 0x000000008e61e5b0, 0x000000008fe40000)
  to   space 28864K,   0% used [0x000000008fe40000, 0x000000008fe40000, 0x0000000091a70000)
 tenured generation   total 578292K, used 445278K [0x00000000aaaa0000, 0x00000000cdf5d000, 0x0000000100000000)
   the space 578292K,  76% used [0x00000000aaaa0000, 0x00000000c5d77958, 0x00000000c5d77a00, 0x00000000cdf5d000)
 Metaspace       used 79801K, capacity 81294K, committed 81368K, reserved 1118208K
  class space    used 11618K, capacity 11985K, committed 12032K, reserved 1048576K
Event: 79.073 GC heap after
Heap after GC invocations=205 (full 11):
 def new generation   total 260352K, used 8247K [0x0000000080000000, 0x0000000091a70000, 0x00000000aaaa0000)
  eden space 231488K,   0% used [0x0000000080000000, 0x0000000080000000, 0x000000008e210000)
  from space 28864K,  28% used [0x000000008fe40000, 0x000000009064dfc8, 0x0000000091a70000)
  to   space 28864K,   0% used [0x000000008e210000, 0x000000008e210000, 0x000000008fe40000)
 tenured generation   total 578292K, used 445278K [0x00000000aaaa0000, 0x00000000cdf5d000, 0x0000000100000000)
   the space 578292K,  76% used [0x00000000aaaa0000, 0x00000000c5d77958, 0x00000000c5d77a00, 0x00000000cdf5d000)
 Metaspace       used 79801K, capacity 81294K, committed 81368K, reserved 1118208K
  class space    used 11618K, capacity 11985K, committed 12032K, reserved 1048576K
}
Event: 80.365 GC heap before
{Heap before GC invocations=205 (full 11):
 def new generation   total 260352K, used 239735K [0x0000000080000000, 0x0000000091a70000, 0x00000000aaaa0000)
  eden space 231488K, 100% used [0x0000000080000000, 0x000000008e210000, 0x000000008e210000)
  from space 28864K,  28% used [0x000000008fe40000, 0x000000009064dfc8, 0x0000000091a70000)
  to   space 28864K,   0% used [0x000000008e210000, 0x000000008e210000, 0x000000008fe40000)
 tenured generation   total 578292K, used 445278K [0x00000000aaaa0000, 0x00000000cdf5d000, 0x0000000100000000)
   the space 578292K,  76% used [0x00000000aaaa0000, 0x00000000c5d77958, 0x00000000c5d77a00, 0x00000000cdf5d000)
 Metaspace       used 79841K, capacity 81366K, committed 81624K, reserved 1118208K
  class space    used 11620K, capacity 11985K, committed 12032K, reserved 1048576K
Event: 80.476 GC heap after
Heap after GC invocations=206 (full 11):
 def new generation   total 260352K, used 3611K [0x0000000080000000, 0x0000000091a70000, 0x00000000aaaa0000)
  eden space 231488K,   0% used [0x0000000080000000, 0x0000000080000000, 0x000000008e210000)
  from space 28864K,  12% used [0x000000008e210000, 0x000000008e596d08, 0x000000008fe40000)
  to   space 28864K,   0% used [0x000000008fe40000, 0x000000008fe40000, 0x0000000091a70000)
 tenured generation   total 578292K, used 478046K [0x00000000aaaa0000, 0x00000000cdf5d000, 0x0000000100000000)
   the space 578292K,  82% used [0x00000000aaaa0000, 0x00000000c7d77968, 0x00000000c7d77a00, 0x00000000cdf5d000)
 Metaspace       used 79841K, capacity 81366K, committed 81624K, reserved 1118208K
  class space    used 11620K, capacity 11985K, committed 12032K, reserved 1048576K
}
Event: 81.727 GC heap before
{Heap before GC invocations=206 (full 11):
 def new generation   total 260352K, used 235099K [0x0000000080000000, 0x0000000091a70000, 0x00000000aaaa0000)
  eden space 231488K, 100% used [0x0000000080000000, 0x000000008e210000, 0x000000008e210000)
  from space 28864K,  12% used [0x000000008e210000, 0x000000008e596d08, 0x000000008fe40000)
  to   space 28864K,   0% used [0x000000008fe40000, 0x000000008fe40000, 0x0000000091a70000)
 tenured generation   total 578292K, used 478046K [0x00000000aaaa0000, 0x00000000cdf5d000, 0x0000000100000000)
   the space 578292K,  82% used [0x00000000aaaa0000, 0x00000000c7d77968, 0x00000000c7d77a00, 0x00000000cdf5d000)
 Metaspace       used 79895K, capacity 81512K, committed 81624K, reserved 1118208K
  class space    used 11621K, capacity 11986K, committed 12032K, reserved 1048576K

